生成启动时间为 5/9/2017 7:15:29 PM。
     1>项目“D:\Coding\C++\processAndResourceManage\processAndResourceManage\processAndResourceManage.vcxproj”在节点 2 上(build 个目标)。
     1>InitializeBuildStatus:
         正在创建“Debug\processAndResourceManage.unsuccessfulbuild”，因为已指定“AlwaysCreate”。
       ClCompile:
         C:\Program Files (x86)\Microsoft Visual Studio 10.0\VC\bin\CL.exe /c /ZI /nologo /W3 /WX- /Od /Oy- /D _MBCS /Gm /EHsc /RTC1 /MDd /GS /fp:precise /Zc:wchar_t /Zc:forScope /Fo"Debug\\" /Fd"Debug\vc100.pdb" /Gd /TP /analyze- /errorReport:prompt main.cpp
         main.cpp
     1>d:\coding\c++\processandresourcemanage\processandresourcemanage\main.cpp(24): warning C4018: “<”: 有符号/无符号不匹配
       Link:
         C:\Program Files (x86)\Microsoft Visual Studio 10.0\VC\bin\link.exe /ERRORREPORT:PROMPT /OUT:"D:\Coding\C++\processAndResourceManage\Debug\processAndResourceManage.exe" /NOLOGO opencv_calib3d244d.lib opencv_imgproc244d.lib opencv_highgui244d.lib opencv_contrib244d.lib opencv_core244d.lib opencv_features2d244d.lib opencv_flann244d.lib opencv_gpu244d.lib opencv_legacy244d.lib opencv_ml244d.lib opencv_objdetect244d.lib opencv_ts244d.lib opencv_video244d.lib kernel32.lib user32.lib gdi32.lib winspool.lib comdlg32.lib advapi32.lib shell32.lib ole32.lib oleaut32.lib uuid.lib odbc32.lib odbccp32.lib /MANIFEST /ManifestFile:"Debug\processAndResourceManage.exe.intermediate.manifest" /MANIFESTUAC:"level='asInvoker' uiAccess='false'" /DEBUG /PDB:"D:\Coding\C++\processAndResourceManage\Debug\processAndResourceManage.pdb" /TLBID:1 /DYNAMICBASE /NXCOMPAT /IMPLIB:"D:\Coding\C++\processAndResourceManage\Debug\processAndResourceManage.lib" /MACHINE:X86 Debug\main.obj
         Debug\MyProcess.obj
         Debug\PCB.obj
         Debug\ProcessManage.obj
         Debug\Resource.obj
         Debug\ResourceA.obj
         Debug\ResourceB.obj
         Debug\ResourceManage.obj
         Debug\Shell.obj
         Debug\Tool.obj
         LINK : 没有找到 D:\Coding\C++\processAndResourceManage\Debug\processAndResourceManage.exe 或上一个增量链接没有生成它；正在执行完全链接
         processAndResourceManage.vcxproj -> D:\Coding\C++\processAndResourceManage\Debug\processAndResourceManage.exe
       Manifest:
         C:\Program Files (x86)\Microsoft SDKs\Windows\v7.0A\bin\mt.exe /nologo /verbose /outputresource:"D:\Coding\C++\processAndResourceManage\Debug\processAndResourceManage.exe;#1" /manifest Debug\processAndResourceManage.exe.intermediate.manifest
       FinalizeBuildStatus:
         正在删除文件“Debug\processAndResourceManage.unsuccessfulbuild”。
         正在对“Debug\processAndResourceManage.lastbuildstate”执行 Touch 任务。
     1>已完成生成项目“D:\Coding\C++\processAndResourceManage\processAndResourceManage\processAndResourceManage.vcxproj”(build 个目标)的操作。

生成成功。

已用时间 00:00:03.26
